Unity Editor version:    2022.3.19f1 (244b723c30a6)
Branch:                  2022.3/staging
Build type:              Release
Batch mode:              YES
macOS version:           Version 14.1.2 (Build 23B92)
Darwin version:          23.1.0
Architecture:            arm64
Running under Rosetta:   NO
Available memory:        16384 MB
Using pre-set license
Pro License: YES

COMMAND LINE ARGUMENTS:
/Applications/Unity/Hub/Editor/2022.3.19f1/Unity.app/Contents/MacOS/Unity
-adb2
-batchMode
-noUpm
-name
AssetImportWorker0
-projectPath
/Users/alibekkussanov/Git/fps_shooter
-logFile
Logs/AssetImportWorker0.log
-srvPort
50012
Successfully changed project path to: /Users/alibekkussanov/Git/fps_shooter
/Users/alibekkussanov/Git/fps_shooter
[UnityMemory] Configuration Parameters - Can be set up in boot.config
    "memorysetup-bucket-allocator-granularity=16"
    "memorysetup-bucket-allocator-bucket-count=8"
    "memorysetup-bucket-allocator-block-size=33554432"
    "memorysetup-bucket-allocator-block-count=8"
    "memorysetup-main-allocator-block-size=16777216"
    "memorysetup-thread-allocator-block-size=16777216"
    "memorysetup-gfx-main-allocator-block-size=16777216"
    "memorysetup-gfx-thread-allocator-block-size=16777216"
    "memorysetup-cache-allocator-block-size=4194304"
    "memorysetup-typetree-allocator-block-size=2097152"
    "memorysetup-profiler-bucket-allocator-granularity=16"
    "memorysetup-profiler-bucket-allocator-bucket-count=8"
    "memorysetup-profiler-bucket-allocator-block-size=33554432"
    "memorysetup-profiler-bucket-allocator-block-count=8"
    "memorysetup-profiler-allocator-block-size=16777216"
    "memorysetup-profiler-editor-allocator-block-size=1048576"
    "memorysetup-temp-allocator-size-main=16777216"
    "memorysetup-job-temp-allocator-block-size=2097152"
    "memorysetup-job-temp-allocator-block-size-background=1048576"
    "memorysetup-job-temp-allocator-reduction-small-platforms=262144"
    "memorysetup-allocator-temp-initial-block-size-main=262144"
    "memorysetup-allocator-temp-initial-block-size-worker=262144"
    "memorysetup-temp-allocator-size-background-worker=32768"
    "memorysetup-temp-allocator-size-job-worker=262144"
    "memorysetup-temp-allocator-size-preload-manager=33554432"
    "memorysetup-temp-allocator-size-nav-mesh-worker=65536"
    "memorysetup-temp-allocator-size-audio-worker=65536"
    "memorysetup-temp-allocator-size-cloud-worker=32768"
    "memorysetup-temp-allocator-size-gi-baking-worker=262144"
    "memorysetup-temp-allocator-size-gfx=262144"
Player connection [8067014336] Host "[IP] 172.20.10.2 [Port] 0 [Flags] 2 [Guid] 1201821654 [EditorId] 1201821654 [Version] 1048832 [Id] OSXEditor(0,MacBook-Air-Alibek.local) [Debug] 1 [PackageName] OSXEditor [ProjectName] Editor" joined multi-casting on [225.0.0.222:54997]...

Player connection [8067014336] Host "[IP] 172.20.10.2 [Port] 0 [Flags] 2 [Guid] 1201821654 [EditorId] 1201821654 [Version] 1048832 [Id] OSXEditor(0,MacBook-Air-Alibek.local) [Debug] 1 [PackageName] OSXEditor [ProjectName] Editor" joined alternative multi-casting on [225.0.0.222:34997]...

[Physics::Module] Initialized MultithreadedJobDispatcher with 7 workers.
Refreshing native plugins compatible for Editor in 21.37 ms, found 2 plugins.
Preloading 0 native plugins for Editor in 0.00 ms.
Initialize engine version: 2022.3.19f1 (244b723c30a6)
[Subsystems] Discovering subsystems at path /Applications/Unity/Hub/Editor/2022.3.19f1/Unity.app/Contents/Resources/UnitySubsystems
[Subsystems] Discovering subsystems at path /Users/alibekkussanov/Git/fps_shooter/Assets
GfxDevice: creating device client; threaded=0; jobified=0
 preferred device: Apple M2 (high power)
Metal devices available: 1
0: Apple M2 (high power)
Using device Apple M2 (high power)
Initializing Metal device caps: Apple M2
Initialize mono
Mono path[0] = '/Applications/Unity/Hub/Editor/2022.3.19f1/Unity.app/Contents/Managed'
Mono path[1] = '/Applications/Unity/Hub/Editor/2022.3.19f1/Unity.app/Contents/MonoBleedingEdge/lib/mono/unityjit-macos'
Mono config path = '/Applications/Unity/Hub/Editor/2022.3.19f1/Unity.app/Contents/MonoBleedingEdge/etc'
Using monoOptions --debugger-agent=transport=dt_socket,embedding=1,server=y,suspend=n,address=127.0.0.1:56243
Begin MonoManager ReloadAssembly
Registering precompiled unity dll's ...
Register platform support module: /Applications/Unity/Hub/Editor/2022.3.19f1/PlaybackEngines/WebGLSupport/UnityEditor.WebGL.Extensions.dll
Register platform support module: /Applications/Unity/Hub/Editor/2022.3.19f1/Unity.app/Contents/PlaybackEngines/MacStandaloneSupport/UnityEditor.OSXStandalone.Extensions.dll
Registered in 0.003071 seconds.
- Loaded All Assemblies, in  0.238 seconds
Native extension for OSXStandalone target not found
Native extension for WebGL target not found
Mono: successfully reloaded assembly
- Finished resetting the current domain, in  0.149 seconds
Domain Reload Profiling: 388ms
	BeginReloadAssembly (87ms)
		ExecutionOrderSort (0ms)
		DisableScriptedObjects (0ms)
		BackupInstance (0ms)
		ReleaseScriptingObjects (0ms)
		CreateAndSetChildDomain (0ms)
	RebuildCommonClasses (21ms)
	RebuildNativeTypeToScriptingClass (7ms)
	initialDomainReloadingComplete (30ms)
	LoadAllAssembliesAndSetupDomain (92ms)
		LoadAssemblies (87ms)
		RebuildTransferFunctionScriptingTraits (0ms)
		AnalyzeDomain (91ms)
			TypeCache.Refresh (90ms)
				TypeCache.ScanAssembly (81ms)
			ScanForSourceGeneratedMonoScriptInfo (0ms)
			ResolveRequiredComponents (0ms)
	FinalizeReload (150ms)
		ReleaseScriptCaches (0ms)
		RebuildScriptCaches (0ms)
		SetupLoadedEditorAssemblies (113ms)
			LogAssemblyErrors (0ms)
			InitializePlatformSupportModulesInManaged (4ms)
			SetLoadedEditorAssemblies (4ms)
			RefreshPlugins (0ms)
			BeforeProcessingInitializeOnLoad (1ms)
			ProcessInitializeOnLoadAttributes (79ms)
			ProcessInitializeOnLoadMethodAttributes (25ms)
			AfterProcessingInitializeOnLoad (0ms)
			EditorAssembliesLoaded (0ms)
		ExecutionOrderSort2 (0ms)
		AwakeInstancesAfterBackupRestoration (0ms)
========================================================================
Worker process is ready to serve import requests
Begin MonoManager ReloadAssembly
- Loaded All Assemblies, in  0.509 seconds
Refreshing native plugins compatible for Editor in 1.03 ms, found 2 plugins.
Native extension for OSXStandalone target not found
Native extension for WebGL target not found
Package Manager log level set to [2]
[Package Manager] Server::EnsureServerProcessIsRunning -- launch failed, reason: Unity was launched with the -noUpm command-line argument
[Package Manager] UpmClient::Send -- Unable to send message (not connected to UPM process).
[Package Manager] Cannot connect to Unity Package Manager local server
Mono: successfully reloaded assembly
- Finished resetting the current domain, in  0.501 seconds
Domain Reload Profiling: 1010ms
	BeginReloadAssembly (72ms)
		ExecutionOrderSort (0ms)
		DisableScriptedObjects (3ms)
		BackupInstance (0ms)
		ReleaseScriptingObjects (0ms)
		CreateAndSetChildDomain (16ms)
	RebuildCommonClasses (21ms)
	RebuildNativeTypeToScriptingClass (7ms)
	initialDomainReloadingComplete (20ms)
	LoadAllAssembliesAndSetupDomain (388ms)
		LoadAssemblies (253ms)
		RebuildTransferFunctionScriptingTraits (0ms)
		AnalyzeDomain (166ms)
			TypeCache.Refresh (143ms)
				TypeCache.ScanAssembly (127ms)
			ScanForSourceGeneratedMonoScriptInfo (14ms)
			ResolveRequiredComponents (9ms)
	FinalizeReload (501ms)
		ReleaseScriptCaches (0ms)
		RebuildScriptCaches (0ms)
		SetupLoadedEditorAssemblies (391ms)
			LogAssemblyErrors (0ms)
			InitializePlatformSupportModulesInManaged (3ms)
			SetLoadedEditorAssemblies (4ms)
			RefreshPlugins (0ms)
			BeforeProcessingInitializeOnLoad (68ms)
			ProcessInitializeOnLoadAttributes (282ms)
			ProcessInitializeOnLoadMethodAttributes (34ms)
			AfterProcessingInitializeOnLoad (1ms)
			EditorAssembliesLoaded (0ms)
		ExecutionOrderSort2 (0ms)
		AwakeInstancesAfterBackupRestoration (2ms)
Launching external process: /Applications/Unity/Hub/Editor/2022.3.19f1/Unity.app/Contents/Tools/UnityShaderCompiler
Launched and connected shader compiler UnityShaderCompiler after 0.04 seconds
Refreshing native plugins compatible for Editor in 1.26 ms, found 2 plugins.
Preloading 0 native plugins for Editor in 0.00 ms.
Unloading 5794 Unused Serialized files (Serialized files now loaded: 0)
Unloading 98 unused Assets / (0.8 MB). Loaded Objects now: 6244.
Memory consumption went from 229.4 MB to 228.6 MB.
Total: 3.115791 ms (FindLiveObjects: 0.213416 ms CreateObjectMapping: 0.138458 ms MarkObjects: 2.451417 ms  DeleteObjects: 0.311791 ms)

AssetImportParameters requested are different than current active one (requested -> active):
  custom:container-demuxer-ogg: 62fdf1f143b41e24485cea50d1cbac27 -> 
  custom:video-decoder-ogg-theora: a1e56fd34408186e4bbccfd4996cb3dc -> 
  custom:CustomObjectIndexerAttribute: 62b5816608c3102f162a1797e29626cf -> 
  custom:container-demuxer-webm: 4f35f7cbe854078d1ac9338744f61a02 -> 
  custom:container-muxer-webm: aa71ff27fc2769a1b78a27578f13a17b -> 
  custom:video-decoder-webm-vp8: 9c59270c3fd7afecdb556c50c9e8de78 -> 
  custom:SearchIndexIgnoredProperties: e643bd26f0fe6173181afceb89e7c659 -> 
  custom:AudioImporter_EditorPlatform: 3918e3fc78b5a79bad01e8451be0beb8 -> 
  custom:framework-osx-AVFoundation: e770b220cccbd017edd2c1fefb359320 -> 
  custom:video-encoder-webm-vp8: eb34c28f22e8b96e1ab97ce403110664 -> 
  custom:audio-decoder-ogg-vorbis: bf7c407c2cedff20999df2af8eb42d56 -> 
  custom:audio-encoder-webm-vorbis: bf7c407c2cedff20999df2af8eb42d56 -> 
========================================================================
Received Import Request.
  Time since last request: 81607.495972 seconds.
  path: Assets/Animations/rifle_run_animation.fbx
  artifactKey: Guid(a616005d55a274429ab4fbb0d5a68e6c) Importer(815301076,1909f56bfc062723c751e8b465ee728b)
Start importing Assets/Animations/rifle_run_animation.fbx using Guid(a616005d55a274429ab4fbb0d5a68e6c) Importer(815301076,1909f56bfc062723c751e8b465ee728b)  -> (artifact id: '789fa0bfdc9c3f0bc9fa442367448ce4') in 0.016875 seconds
Number of updated asset objects reloaded before import = 0
Number of asset objects unloaded after import = 135
========================================================================
Received Import Request.
  Time since last request: 5.713919 seconds.
  path: Assets/Animations/PlayerController.controller
  artifactKey: Guid(7950e68ccdb26417d8d307f3e380dc25) Importer(815301076,1909f56bfc062723c751e8b465ee728b)
Start importing Assets/Animations/PlayerController.controller using Guid(7950e68ccdb26417d8d307f3e380dc25) Importer(815301076,1909f56bfc062723c751e8b465ee728b)  -> (artifact id: 'c882f8e2fa9764bcc81337825f6e2e55') in 0.003431 seconds
Number of updated asset objects reloaded before import = 0
Number of asset objects unloaded after import = 24
========================================================================
Received Import Request.
  Time since last request: 0.973530 seconds.
  path: Assets/Animations/pistol_run_animation.fbx
  artifactKey: Guid(ed1d4012d4528405e94187bde58eee42) Importer(815301076,1909f56bfc062723c751e8b465ee728b)
Start importing Assets/Animations/pistol_run_animation.fbx using Guid(ed1d4012d4528405e94187bde58eee42) Importer(815301076,1909f56bfc062723c751e8b465ee728b)  -> (artifact id: '84c4692c5d84bae2b6569b1f4d598913') in 0.003212 seconds
Number of updated asset objects reloaded before import = 0
Number of asset objects unloaded after import = 135
========================================================================
Received Import Request.
  Time since last request: 0.936655 seconds.
  path: Assets/Animations/pistol_jump_animation.fbx
  artifactKey: Guid(e7e4d83e678a140ea8fb212df7744699) Importer(815301076,1909f56bfc062723c751e8b465ee728b)
Start importing Assets/Animations/pistol_jump_animation.fbx using Guid(e7e4d83e678a140ea8fb212df7744699) Importer(815301076,1909f56bfc062723c751e8b465ee728b)  -> (artifact id: '36bc7b4ca432b43face1e64cc7fc87e1') in 0.003043 seconds
Number of updated asset objects reloaded before import = 0
Number of asset objects unloaded after import = 135
========================================================================
Received Import Request.
  Time since last request: 833.839868 seconds.
  path: Assets/Animations/swat
  artifactKey: Guid(7ea1260123a3e4f8b92050cc53788cbc) Importer(815301076,1909f56bfc062723c751e8b465ee728b)
Start importing Assets/Animations/swat using Guid(7ea1260123a3e4f8b92050cc53788cbc) Importer(815301076,1909f56bfc062723c751e8b465ee728b)  -> (artifact id: 'e2bfb7abb2178ce243121529f33e583f') in 0.000979 seconds
Number of updated asset objects reloaded before import = 0
Number of asset objects unloaded after import = 1
========================================================================
Received Import Request.
  Time since last request: 19.818630 seconds.
  path: Assets/Models
  artifactKey: Guid(90e9abcade70146eabbec3c3a7a8adc6) Importer(815301076,1909f56bfc062723c751e8b465ee728b)
Start importing Assets/Models using Guid(90e9abcade70146eabbec3c3a7a8adc6) Importer(815301076,1909f56bfc062723c751e8b465ee728b)  -> (artifact id: 'b2783401ce2d4e826612655475bb6669') in 0.000334 seconds
Number of updated asset objects reloaded before import = 0
Number of asset objects unloaded after import = 0
========================================================================
Received Import Request.
  Time since last request: 17.550988 seconds.
  path: Assets/Models/swat.fbx
  artifactKey: Guid(7ea1260123a3e4f8b92050cc53788cbc) Importer(815301076,1909f56bfc062723c751e8b465ee728b)
Start importing Assets/Models/swat.fbx using Guid(7ea1260123a3e4f8b92050cc53788cbc) Importer(815301076,1909f56bfc062723c751e8b465ee728b)  -> (artifact id: 'd11e18ab243151d1ee8670ba2a4c9f5d') in 0.238780 seconds
Number of updated asset objects reloaded before import = 0
Number of asset objects unloaded after import = 156
========================================================================
Received Import Request.
  Time since last request: 3.320352 seconds.
  path: Assets/Animations/pistol_idle
  artifactKey: Guid(9eb0022227ed349d6ba07f6d16b1f63d) Importer(815301076,1909f56bfc062723c751e8b465ee728b)
Start importing Assets/Animations/pistol_idle using Guid(9eb0022227ed349d6ba07f6d16b1f63d) Importer(815301076,1909f56bfc062723c751e8b465ee728b)  -> (artifact id: '385b6357556a15db5b69bccaed28a7a5') in 0.000938 seconds
Number of updated asset objects reloaded before import = 0
Number of asset objects unloaded after import = 1
========================================================================
Received Import Request.
  Time since last request: 12.785016 seconds.
  path: Assets/Animations/pistol_idle.fbx
  artifactKey: Guid(9eb0022227ed349d6ba07f6d16b1f63d) Importer(815301076,1909f56bfc062723c751e8b465ee728b)
Start importing Assets/Animations/pistol_idle.fbx using Guid(9eb0022227ed349d6ba07f6d16b1f63d) Importer(815301076,1909f56bfc062723c751e8b465ee728b)  -> (artifact id: 'd5dbc52baf23e705bdfe83caa99d06c1') in 0.002019 seconds
Number of updated asset objects reloaded before import = 0
Number of asset objects unloaded after import = 144
========================================================================
Received Import Request.
  Time since last request: 1.076404 seconds.
  path: Assets/Animations/pistol_jump
  artifactKey: Guid(5dfde176316614c62aa119c22bba11b5) Importer(815301076,1909f56bfc062723c751e8b465ee728b)
Start importing Assets/Animations/pistol_jump using Guid(5dfde176316614c62aa119c22bba11b5) Importer(815301076,1909f56bfc062723c751e8b465ee728b)  -> (artifact id: 'f19cb55581d31b32e09ee98b040143e7') in 0.000757 seconds
Number of updated asset objects reloaded before import = 0
Number of asset objects unloaded after import = 1
========================================================================
Received Import Request.
  Time since last request: 9.288726 seconds.
  path: Assets/Animations/pistol_jump.fbx
  artifactKey: Guid(5dfde176316614c62aa119c22bba11b5) Importer(815301076,1909f56bfc062723c751e8b465ee728b)
Start importing Assets/Animations/pistol_jump.fbx using Guid(5dfde176316614c62aa119c22bba11b5) Importer(815301076,1909f56bfc062723c751e8b465ee728b)  -> (artifact id: 'd7043c8e86e9c65f00e36d674a360055') in 0.003209 seconds
Number of updated asset objects reloaded before import = 0
Number of asset objects unloaded after import = 144
========================================================================
Received Import Request.
  Time since last request: 1.889165 seconds.
  path: Assets/Animations/pistol_run
  artifactKey: Guid(ebb3e05357eba4ab297c860ec1b5b101) Importer(815301076,1909f56bfc062723c751e8b465ee728b)
Start importing Assets/Animations/pistol_run using Guid(ebb3e05357eba4ab297c860ec1b5b101) Importer(815301076,1909f56bfc062723c751e8b465ee728b)  -> (artifact id: 'a13f5610c8da825b754caeebb8314585') in 0.000767 seconds
Number of updated asset objects reloaded before import = 0
Number of asset objects unloaded after import = 1
========================================================================
Received Import Request.
  Time since last request: 3.719765 seconds.
  path: Assets/Animations/pistol_run.fbx
  artifactKey: Guid(ebb3e05357eba4ab297c860ec1b5b101) Importer(815301076,1909f56bfc062723c751e8b465ee728b)
Start importing Assets/Animations/pistol_run.fbx using Guid(ebb3e05357eba4ab297c860ec1b5b101) Importer(815301076,1909f56bfc062723c751e8b465ee728b)  -> (artifact id: 'c1e8cbfe4b4bbcb1f06f3584fd01d322') in 0.002260 seconds
Number of updated asset objects reloaded before import = 0
Number of asset objects unloaded after import = 144
========================================================================
Received Import Request.
  Time since last request: 1.479777 seconds.
  path: Assets/Animations/rifle_idle
  artifactKey: Guid(77e7abfee3edc4325b699bba7c9e1db1) Importer(815301076,1909f56bfc062723c751e8b465ee728b)
Start importing Assets/Animations/rifle_idle using Guid(77e7abfee3edc4325b699bba7c9e1db1) Importer(815301076,1909f56bfc062723c751e8b465ee728b)  -> (artifact id: '5a200f526cd45bc261f0da82c783aa53') in 0.000757 seconds
Number of updated asset objects reloaded before import = 0
Number of asset objects unloaded after import = 1
========================================================================
Received Import Request.
  Time since last request: 4.046995 seconds.
  path: Assets/Animations/rifle_idle.fbx
  artifactKey: Guid(77e7abfee3edc4325b699bba7c9e1db1) Importer(815301076,1909f56bfc062723c751e8b465ee728b)
Start importing Assets/Animations/rifle_idle.fbx using Guid(77e7abfee3edc4325b699bba7c9e1db1) Importer(815301076,1909f56bfc062723c751e8b465ee728b)  -> (artifact id: 'fe44f8d039d6927b381e366b2f20f384') in 0.001876 seconds
Number of updated asset objects reloaded before import = 0
Number of asset objects unloaded after import = 144
========================================================================
Received Import Request.
  Time since last request: 2.065064 seconds.
  path: Assets/Animations/rifle_run
  artifactKey: Guid(d006dd90fe918487095889df4102d13e) Importer(815301076,1909f56bfc062723c751e8b465ee728b)
Start importing Assets/Animations/rifle_run using Guid(d006dd90fe918487095889df4102d13e) Importer(815301076,1909f56bfc062723c751e8b465ee728b)  -> (artifact id: '7adde48cf72d419de0ae1c925bc2c485') in 0.000817 seconds
Number of updated asset objects reloaded before import = 0
Number of asset objects unloaded after import = 1
========================================================================
Received Import Request.
  Time since last request: 0.976058 seconds.
  path: Assets/Animations/rifle_jump
  artifactKey: Guid(95b560602301a4229a2e76e8e40e2742) Importer(815301076,1909f56bfc062723c751e8b465ee728b)
Start importing Assets/Animations/rifle_jump using Guid(95b560602301a4229a2e76e8e40e2742) Importer(815301076,1909f56bfc062723c751e8b465ee728b)  -> (artifact id: 'e78d3a9ad6f9ffa5e29873feb77a1c3b') in 0.000670 seconds
Number of updated asset objects reloaded before import = 0
Number of asset objects unloaded after import = 1
========================================================================
Received Import Request.
  Time since last request: 3.152303 seconds.
  path: Assets/Animations/rifle_jump.fbx
  artifactKey: Guid(95b560602301a4229a2e76e8e40e2742) Importer(815301076,1909f56bfc062723c751e8b465ee728b)
Start importing Assets/Animations/rifle_jump.fbx using Guid(95b560602301a4229a2e76e8e40e2742) Importer(815301076,1909f56bfc062723c751e8b465ee728b)  -> (artifact id: 'caf788aefbdd066e12650f6c388100f1') in 0.001932 seconds
Number of updated asset objects reloaded before import = 0
Number of asset objects unloaded after import = 144
========================================================================
Received Import Request.
  Time since last request: 5.316280 seconds.
  path: Assets/Animations/rifle_run.fbx
  artifactKey: Guid(d006dd90fe918487095889df4102d13e) Importer(815301076,1909f56bfc062723c751e8b465ee728b)
Start importing Assets/Animations/rifle_run.fbx using Guid(d006dd90fe918487095889df4102d13e) Importer(815301076,1909f56bfc062723c751e8b465ee728b)  -> (artifact id: 'e9eb239f3a765abe557faf0beba9a88d') in 0.001889 seconds
Number of updated asset objects reloaded before import = 0
Number of asset objects unloaded after import = 144
========================================================================
Received Import Request.
  Time since last request: 20.541246 seconds.
  path: Assets/Models/swat.fbx
  artifactKey: Guid(7ea1260123a3e4f8b92050cc53788cbc) Importer(815301076,1909f56bfc062723c751e8b465ee728b)
Start importing Assets/Models/swat.fbx using Guid(7ea1260123a3e4f8b92050cc53788cbc) Importer(815301076,1909f56bfc062723c751e8b465ee728b)  -> (artifact id: '6db3d583124e069385e0ea3e9c99d05c') in 0.017619 seconds
Number of updated asset objects reloaded before import = 0
Number of asset objects unloaded after import = 156
========================================================================
Received Import Request.
  Time since last request: 1.462539 seconds.
  path: Assets/Models/swat.fbx
  artifactKey: Guid(7ea1260123a3e4f8b92050cc53788cbc) Importer(815301076,1909f56bfc062723c751e8b465ee728b)
Start importing Assets/Models/swat.fbx using Guid(7ea1260123a3e4f8b92050cc53788cbc) Importer(815301076,1909f56bfc062723c751e8b465ee728b)  -> (artifact id: '2287ac2afc6afdbd68b2b64742ad3b03') in 0.016232 seconds
Number of updated asset objects reloaded before import = 0
Number of asset objects unloaded after import = 157
========================================================================
Received Import Request.
  Time since last request: 251.248118 seconds.
  path: Assets/Models/Materials
  artifactKey: Guid(29693d738d4be489c90ba12ad7f3a4d8) Importer(815301076,1909f56bfc062723c751e8b465ee728b)
Start importing Assets/Models/Materials using Guid(29693d738d4be489c90ba12ad7f3a4d8) Importer(815301076,1909f56bfc062723c751e8b465ee728b)  -> (artifact id: '4570565df1bca7ec20d20b990ce6ea8d') in 0.000715 seconds
Number of updated asset objects reloaded before import = 0
Number of asset objects unloaded after import = 0
========================================================================
Received Import Request.
  Time since last request: 21.573712 seconds.
  path: Assets/Models/swat.fbm
  artifactKey: Guid(fdb70fb38785a40f09f6e002b1d3a0f7) Importer(815301076,1909f56bfc062723c751e8b465ee728b)
Start importing Assets/Models/swat.fbm using Guid(fdb70fb38785a40f09f6e002b1d3a0f7) Importer(815301076,1909f56bfc062723c751e8b465ee728b)  -> (artifact id: '41ab2b2eea0dba35af0f4a1d71e76ab1') in 0.000381 seconds
Number of updated asset objects reloaded before import = 0
Number of asset objects unloaded after import = 0
========================================================================
Received Import Request.
  Time since last request: 165.990454 seconds.
  path: Assets/Models/Swat.fbx
  artifactKey: Guid(7ea1260123a3e4f8b92050cc53788cbc) Importer(815301076,1909f56bfc062723c751e8b465ee728b)
Start importing Assets/Models/Swat.fbx using Guid(7ea1260123a3e4f8b92050cc53788cbc) Importer(815301076,1909f56bfc062723c751e8b465ee728b)  -> (artifact id: '0b6b8958946a2db5f4434c9c895b2b77') in 0.065258 seconds
Number of updated asset objects reloaded before import = 0
Number of asset objects unloaded after import = 156
========================================================================
Received Import Request.
  Time since last request: 6.111048 seconds.
  path: Assets/Models/Swat.fbx
  artifactKey: Guid(7ea1260123a3e4f8b92050cc53788cbc) Importer(815301076,1909f56bfc062723c751e8b465ee728b)
Start importing Assets/Models/Swat.fbx using Guid(7ea1260123a3e4f8b92050cc53788cbc) Importer(815301076,1909f56bfc062723c751e8b465ee728b)  -> (artifact id: 'f3e92aae34ab5710045ae11152bd713e') in 0.028397 seconds
Number of updated asset objects reloaded before import = 0
Number of asset objects unloaded after import = 158
========================================================================
Received Import Request.
  Time since last request: 8.716372 seconds.
  path: Assets/Models/Swat.fbx
  artifactKey: Guid(7ea1260123a3e4f8b92050cc53788cbc) Importer(815301076,1909f56bfc062723c751e8b465ee728b)
Start importing Assets/Models/Swat.fbx using Guid(7ea1260123a3e4f8b92050cc53788cbc) Importer(815301076,1909f56bfc062723c751e8b465ee728b)  -> (artifact id: 'b3e83991fefa63345898ccb3b406e648') in 0.039857 seconds
Number of updated asset objects reloaded before import = 0
Number of asset objects unloaded after import = 162
========================================================================
Received Import Request.
  Time since last request: 2.647685 seconds.
  path: Assets/Models/Swat.fbx
  artifactKey: Guid(7ea1260123a3e4f8b92050cc53788cbc) Importer(815301076,1909f56bfc062723c751e8b465ee728b)
Start importing Assets/Models/Swat.fbx using Guid(7ea1260123a3e4f8b92050cc53788cbc) Importer(815301076,1909f56bfc062723c751e8b465ee728b)  -> (artifact id: '571b23d3ff5523e8cb76fe9bb0a828c3') in 0.030269 seconds
Number of updated asset objects reloaded before import = 0
Number of asset objects unloaded after import = 162
========================================================================
Received Import Request.
  Time since last request: 31.467400 seconds.
  path: Assets/Resources/player.prefab
  artifactKey: Guid(b6590a161332e457196ec2cc9c174eb0) Importer(815301076,1909f56bfc062723c751e8b465ee728b)
Start importing Assets/Resources/player.prefab using Guid(b6590a161332e457196ec2cc9c174eb0) Importer(815301076,1909f56bfc062723c751e8b465ee728b)  -> (artifact id: 'c0fff2413ebd34a67c6ac43a25bf9aac') in 0.043138 seconds
Number of updated asset objects reloaded before import = 0
Number of asset objects unloaded after import = 396
========================================================================
Received Import Request.
  Time since last request: 469.373003 seconds.
  path: Assets/Animations/PlayerAnimatorController.controller
  artifactKey: Guid(cca0a5c92aea440eea322c23d6e99de7) Importer(815301076,1909f56bfc062723c751e8b465ee728b)
Start importing Assets/Animations/PlayerAnimatorController.controller using Guid(cca0a5c92aea440eea322c23d6e99de7) Importer(815301076,1909f56bfc062723c751e8b465ee728b)  -> (artifact id: '87e2ea9b02f95f8fc7a4c6fe635c275f') in 0.001978 seconds
Number of updated asset objects reloaded before import = 0
Number of asset objects unloaded after import = 1
========================================================================
Received Import Request.
  Time since last request: 306.693832 seconds.
  path: Assets/Animations/PlayerAnimatorController.controller
  artifactKey: Guid(cca0a5c92aea440eea322c23d6e99de7) Importer(815301076,1909f56bfc062723c751e8b465ee728b)
Start importing Assets/Animations/PlayerAnimatorController.controller using Guid(cca0a5c92aea440eea322c23d6e99de7) Importer(815301076,1909f56bfc062723c751e8b465ee728b)  -> (artifact id: 'eba41f69b2628eee488426bdcc6aed40') in 0.006416 seconds
Number of updated asset objects reloaded before import = 0
Number of asset objects unloaded after import = 17
========================================================================
Received Import Request.
  Time since last request: 225.263831 seconds.
  path: Assets/Animations/PlayerAnimatorController.controller
  artifactKey: Guid(cca0a5c92aea440eea322c23d6e99de7) Importer(815301076,1909f56bfc062723c751e8b465ee728b)
Start importing Assets/Animations/PlayerAnimatorController.controller using Guid(cca0a5c92aea440eea322c23d6e99de7) Importer(815301076,1909f56bfc062723c751e8b465ee728b)  -> (artifact id: 'bebe73571d0f40dec730cbfd26dabab9') in 0.006132 seconds
Number of updated asset objects reloaded before import = 0
Number of asset objects unloaded after import = 24
========================================================================
Received Import Request.
  Time since last request: 37.588099 seconds.
  path: Assets/Animations/PlayerAnimatorController.controller
  artifactKey: Guid(cca0a5c92aea440eea322c23d6e99de7) Importer(815301076,1909f56bfc062723c751e8b465ee728b)
Start importing Assets/Animations/PlayerAnimatorController.controller using Guid(cca0a5c92aea440eea322c23d6e99de7) Importer(815301076,1909f56bfc062723c751e8b465ee728b)  -> (artifact id: '30ebfa12c5687a1c361ceee8d872aeb5') in 0.004178 seconds
Number of updated asset objects reloaded before import = 0
Number of asset objects unloaded after import = 25
========================================================================
Received Import Request.
  Time since last request: 127.236106 seconds.
  path: Assets/Animations/PlayerAnimatorController.controller
  artifactKey: Guid(cca0a5c92aea440eea322c23d6e99de7) Importer(815301076,1909f56bfc062723c751e8b465ee728b)
Start importing Assets/Animations/PlayerAnimatorController.controller using Guid(cca0a5c92aea440eea322c23d6e99de7) Importer(815301076,1909f56bfc062723c751e8b465ee728b)  -> (artifact id: '26832b7c4da2eb10d994c4abccf68177') in 0.006519 seconds
Number of updated asset objects reloaded before import = 0
Number of asset objects unloaded after import = 28
========================================================================
Received Import Request.
  Time since last request: 18.102852 seconds.
  path: Assets/Animations/PlayerAnimatorController.controller
  artifactKey: Guid(cca0a5c92aea440eea322c23d6e99de7) Importer(815301076,1909f56bfc062723c751e8b465ee728b)
Start importing Assets/Animations/PlayerAnimatorController.controller using Guid(cca0a5c92aea440eea322c23d6e99de7) Importer(815301076,1909f56bfc062723c751e8b465ee728b)  -> (artifact id: '25e4635650dc114c75c2e8a28a7b74b4') in 0.002322 seconds
Number of updated asset objects reloaded before import = 0
Number of asset objects unloaded after import = 29
========================================================================
Received Import Request.
  Time since last request: 38.204257 seconds.
  path: Assets/Animations/PlayerAnimatorController.controller
  artifactKey: Guid(cca0a5c92aea440eea322c23d6e99de7) Importer(815301076,1909f56bfc062723c751e8b465ee728b)
Start importing Assets/Animations/PlayerAnimatorController.controller using Guid(cca0a5c92aea440eea322c23d6e99de7) Importer(815301076,1909f56bfc062723c751e8b465ee728b)  -> (artifact id: 'd0d1a794281bc802d4a0ff509b2422ce') in 0.006500 seconds
Number of updated asset objects reloaded before import = 0
Number of asset objects unloaded after import = 31
========================================================================
Received Import Request.
  Time since last request: 1.092796 seconds.
  path: Assets/Animations/PlayerAnimatorController.controller
  artifactKey: Guid(cca0a5c92aea440eea322c23d6e99de7) Importer(815301076,1909f56bfc062723c751e8b465ee728b)
Start importing Assets/Animations/PlayerAnimatorController.controller using Guid(cca0a5c92aea440eea322c23d6e99de7) Importer(815301076,1909f56bfc062723c751e8b465ee728b)  -> (artifact id: 'db9ce866dba8b1b0f718a5c2cad36501') in 0.002510 seconds
Number of updated asset objects reloaded before import = 0
Number of asset objects unloaded after import = 31
========================================================================
Received Import Request.
  Time since last request: 9.404573 seconds.
  path: Assets/Animations/Swat@Pistol Idle.fbx
  artifactKey: Guid(e0b2da5107ac84acd81ae16f41d494cf) Importer(815301076,1909f56bfc062723c751e8b465ee728b)
Start importing Assets/Animations/Swat@Pistol Idle.fbx using Guid(e0b2da5107ac84acd81ae16f41d494cf) Importer(815301076,1909f56bfc062723c751e8b465ee728b)  -> (artifact id: 'e37108c31cd1b0fb82b59888709f33b6') in 0.005713 seconds
Number of updated asset objects reloaded before import = 0
Number of asset objects unloaded after import = 143
========================================================================
Received Import Request.
  Time since last request: 9.456214 seconds.
  path: Assets/Animations/Swat@Pistol Run.fbx
  artifactKey: Guid(28c327234a36c4b18a759a09c74b1680) Importer(815301076,1909f56bfc062723c751e8b465ee728b)
Start importing Assets/Animations/Swat@Pistol Run.fbx using Guid(28c327234a36c4b18a759a09c74b1680) Importer(815301076,1909f56bfc062723c751e8b465ee728b)  -> (artifact id: 'f16266e5c5ca8639b89cfb10987b4d96') in 0.004210 seconds
Number of updated asset objects reloaded before import = 0
Number of asset objects unloaded after import = 143
========================================================================
Received Import Request.
  Time since last request: 0.751451 seconds.
  path: Assets/Animations/Swat@Pistol Jump.fbx
  artifactKey: Guid(79eba361b39354560aadb2eb9c9bbbb9) Importer(815301076,1909f56bfc062723c751e8b465ee728b)
Start importing Assets/Animations/Swat@Pistol Jump.fbx using Guid(79eba361b39354560aadb2eb9c9bbbb9) Importer(815301076,1909f56bfc062723c751e8b465ee728b)  -> (artifact id: 'fb8a70f7319d090757069c0492e727ec') in 0.004246 seconds
Number of updated asset objects reloaded before import = 0
Number of asset objects unloaded after import = 143
========================================================================
Received Import Request.
  Time since last request: 24.780205 seconds.
  path: Assets/Animations/Swat@Pistol Idle.fbx
  artifactKey: Guid(e0b2da5107ac84acd81ae16f41d494cf) Importer(815301076,1909f56bfc062723c751e8b465ee728b)
Start importing Assets/Animations/Swat@Pistol Idle.fbx using Guid(e0b2da5107ac84acd81ae16f41d494cf) Importer(815301076,1909f56bfc062723c751e8b465ee728b)  -> (artifact id: '1a25da23b9b60c99cd4b117874e68e4e') in 0.002506 seconds
Number of updated asset objects reloaded before import = 0
Number of asset objects unloaded after import = 143
========================================================================
Received Import Request.
  Time since last request: 12.838539 seconds.
  path: Assets/Animations/Swat@Pistol Run.fbx
  artifactKey: Guid(28c327234a36c4b18a759a09c74b1680) Importer(815301076,1909f56bfc062723c751e8b465ee728b)
Start importing Assets/Animations/Swat@Pistol Run.fbx using Guid(28c327234a36c4b18a759a09c74b1680) Importer(815301076,1909f56bfc062723c751e8b465ee728b)  -> (artifact id: '54271c1929d60fb6922067ea55497dc7') in 0.002541 seconds
Number of updated asset objects reloaded before import = 0
Number of asset objects unloaded after import = 143
========================================================================
Received Import Request.
  Time since last request: 4.202401 seconds.
  path: Assets/Animations/Swat@Rifle Aiming Idle.fbx
  artifactKey: Guid(e010d5ae10b7846df9dbc3d06d0a3c55) Importer(815301076,1909f56bfc062723c751e8b465ee728b)
Start importing Assets/Animations/Swat@Rifle Aiming Idle.fbx using Guid(e010d5ae10b7846df9dbc3d06d0a3c55) Importer(815301076,1909f56bfc062723c751e8b465ee728b)  -> (artifact id: 'ec7ee6732dad8b0e05e849932888dd5e') in 0.004775 seconds
Number of updated asset objects reloaded before import = 0
Number of asset objects unloaded after import = 143
========================================================================
Received Import Request.
  Time since last request: 4.496876 seconds.
  path: Assets/Animations/Swat@Rifle Aiming Idle.fbx
  artifactKey: Guid(e010d5ae10b7846df9dbc3d06d0a3c55) Importer(815301076,1909f56bfc062723c751e8b465ee728b)
Start importing Assets/Animations/Swat@Rifle Aiming Idle.fbx using Guid(e010d5ae10b7846df9dbc3d06d0a3c55) Importer(815301076,1909f56bfc062723c751e8b465ee728b)  -> (artifact id: '0d273ab94b5e9e2db477839888c02736') in 0.002581 seconds
Number of updated asset objects reloaded before import = 0
Number of asset objects unloaded after import = 143
========================================================================
Received Import Request.
  Time since last request: 1.263499 seconds.
  path: Assets/Animations/Swat@Rifle Run.fbx
  artifactKey: Guid(a8adc15757df8436c9c114e08b374da5) Importer(815301076,1909f56bfc062723c751e8b465ee728b)
Start importing Assets/Animations/Swat@Rifle Run.fbx using Guid(a8adc15757df8436c9c114e08b374da5) Importer(815301076,1909f56bfc062723c751e8b465ee728b)  -> (artifact id: '9e8117dbae9edb6b210723196c151f72') in 0.005291 seconds
Number of updated asset objects reloaded before import = 0
Number of asset objects unloaded after import = 143
========================================================================
Received Import Request.
  Time since last request: 6.995648 seconds.
  path: Assets/Animations/Swat@Rifle Run.fbx
  artifactKey: Guid(a8adc15757df8436c9c114e08b374da5) Importer(815301076,1909f56bfc062723c751e8b465ee728b)
Start importing Assets/Animations/Swat@Rifle Run.fbx using Guid(a8adc15757df8436c9c114e08b374da5) Importer(815301076,1909f56bfc062723c751e8b465ee728b)  -> (artifact id: '91dd51db6197bc3ca9d3b5dbcbc29d9f') in 0.002599 seconds
Number of updated asset objects reloaded before import = 0
Number of asset objects unloaded after import = 143
========================================================================
Received Import Request.
  Time since last request: 42.018375 seconds.
  path: Assets/Animations/Swat@Pistol Idle.fbx
  artifactKey: Guid(e0b2da5107ac84acd81ae16f41d494cf) Importer(815301076,1909f56bfc062723c751e8b465ee728b)
Start importing Assets/Animations/Swat@Pistol Idle.fbx using Guid(e0b2da5107ac84acd81ae16f41d494cf) Importer(815301076,1909f56bfc062723c751e8b465ee728b)  -> (artifact id: '3fca77a3b88cd55799d25e5fe124e48a') in 0.002918 seconds
Number of updated asset objects reloaded before import = 0
Number of asset objects unloaded after import = 145
========================================================================
Received Import Request.
  Time since last request: 10.597082 seconds.
  path: Assets/Animations/Swat@Pistol Jump.fbx
  artifactKey: Guid(79eba361b39354560aadb2eb9c9bbbb9) Importer(815301076,1909f56bfc062723c751e8b465ee728b)
Start importing Assets/Animations/Swat@Pistol Jump.fbx using Guid(79eba361b39354560aadb2eb9c9bbbb9) Importer(815301076,1909f56bfc062723c751e8b465ee728b)  -> (artifact id: '9b4cfd4c4f8be9d7dac64c51f7c0bbd1') in 0.002617 seconds
Number of updated asset objects reloaded before import = 0
Number of asset objects unloaded after import = 145
========================================================================
Received Import Request.
  Time since last request: 5.463876 seconds.
  path: Assets/Animations/Swat@Pistol Run.fbx
  artifactKey: Guid(28c327234a36c4b18a759a09c74b1680) Importer(815301076,1909f56bfc062723c751e8b465ee728b)
Start importing Assets/Animations/Swat@Pistol Run.fbx using Guid(28c327234a36c4b18a759a09c74b1680) Importer(815301076,1909f56bfc062723c751e8b465ee728b)  -> (artifact id: '55fcae7257020ef7bdf6dc30110dfe29') in 0.002790 seconds
Number of updated asset objects reloaded before import = 0
Number of asset objects unloaded after import = 145
========================================================================
Received Import Request.
  Time since last request: 5.853864 seconds.
  path: Assets/Animations/Swat@Rifle Aiming Idle.fbx
  artifactKey: Guid(e010d5ae10b7846df9dbc3d06d0a3c55) Importer(815301076,1909f56bfc062723c751e8b465ee728b)
Start importing Assets/Animations/Swat@Rifle Aiming Idle.fbx using Guid(e010d5ae10b7846df9dbc3d06d0a3c55) Importer(815301076,1909f56bfc062723c751e8b465ee728b)  -> (artifact id: 'e7c6685e05e21981e8800974809857b6') in 0.002994 seconds
Number of updated asset objects reloaded before import = 0
Number of asset objects unloaded after import = 145
========================================================================
Received Import Request.
  Time since last request: 0.864257 seconds.
  path: Assets/Animations/Swat@Rifle Jump.fbx
  artifactKey: Guid(6d921df13e6954af9a7478cc8b7ff54f) Importer(815301076,1909f56bfc062723c751e8b465ee728b)
Start importing Assets/Animations/Swat@Rifle Jump.fbx using Guid(6d921df13e6954af9a7478cc8b7ff54f) Importer(815301076,1909f56bfc062723c751e8b465ee728b)  -> (artifact id: '84935265d77ed0bc4abe33c31f91dda7') in 0.004980 seconds
Number of updated asset objects reloaded before import = 0
Number of asset objects unloaded after import = 143
========================================================================
Received Import Request.
  Time since last request: 4.916242 seconds.
  path: Assets/Animations/Swat@Rifle Jump.fbx
  artifactKey: Guid(6d921df13e6954af9a7478cc8b7ff54f) Importer(815301076,1909f56bfc062723c751e8b465ee728b)
Start importing Assets/Animations/Swat@Rifle Jump.fbx using Guid(6d921df13e6954af9a7478cc8b7ff54f) Importer(815301076,1909f56bfc062723c751e8b465ee728b)  -> (artifact id: 'c8c1e0b625f237bc4277eb3082bb4967') in 0.002711 seconds
Number of updated asset objects reloaded before import = 0
Number of asset objects unloaded after import = 145
========================================================================
Received Import Request.
  Time since last request: 5.529777 seconds.
  path: Assets/Animations/Swat@Rifle Run.fbx
  artifactKey: Guid(a8adc15757df8436c9c114e08b374da5) Importer(815301076,1909f56bfc062723c751e8b465ee728b)
Start importing Assets/Animations/Swat@Rifle Run.fbx using Guid(a8adc15757df8436c9c114e08b374da5) Importer(815301076,1909f56bfc062723c751e8b465ee728b)  -> (artifact id: '331cc0ce9116ff47f04b64d7dfb4a82c') in 0.002373 seconds
Number of updated asset objects reloaded before import = 0
Number of asset objects unloaded after import = 145
========================================================================
Received Import Request.
  Time since last request: 17.280377 seconds.
  path: Assets/Animations/Swat@Pistol Idle.fbx
  artifactKey: Guid(e0b2da5107ac84acd81ae16f41d494cf) Importer(815301076,1909f56bfc062723c751e8b465ee728b)
Start importing Assets/Animations/Swat@Pistol Idle.fbx using Guid(e0b2da5107ac84acd81ae16f41d494cf) Importer(815301076,1909f56bfc062723c751e8b465ee728b)  -> (artifact id: '6600d4708bbaf52007e75f6e420e6e33') in 0.002932 seconds
Number of updated asset objects reloaded before import = 0
Number of asset objects unloaded after import = 145
========================================================================
Received Import Request.
  Time since last request: 30.254825 seconds.
  path: Assets/Animations/Swat@Pistol Jump.fbx
  artifactKey: Guid(79eba361b39354560aadb2eb9c9bbbb9) Importer(815301076,1909f56bfc062723c751e8b465ee728b)
Start importing Assets/Animations/Swat@Pistol Jump.fbx using Guid(79eba361b39354560aadb2eb9c9bbbb9) Importer(815301076,1909f56bfc062723c751e8b465ee728b)  -> (artifact id: 'ed98ff9398d68308de59368053c5b1f0') in 0.002894 seconds
Number of updated asset objects reloaded before import = 0
Number of asset objects unloaded after import = 145
========================================================================
Received Import Request.
  Time since last request: 9.491054 seconds.
  path: Assets/Animations/Swat@Pistol Run.fbx
  artifactKey: Guid(28c327234a36c4b18a759a09c74b1680) Importer(815301076,1909f56bfc062723c751e8b465ee728b)
Start importing Assets/Animations/Swat@Pistol Run.fbx using Guid(28c327234a36c4b18a759a09c74b1680) Importer(815301076,1909f56bfc062723c751e8b465ee728b)  -> (artifact id: 'e38a28d3d9030377edb2524acf3078d4') in 0.002819 seconds
Number of updated asset objects reloaded before import = 0
Number of asset objects unloaded after import = 145
========================================================================
Received Import Request.
  Time since last request: 22.042249 seconds.
  path: Assets/Animations/Swat@Rifle Aiming Idle.fbx
  artifactKey: Guid(e010d5ae10b7846df9dbc3d06d0a3c55) Importer(815301076,1909f56bfc062723c751e8b465ee728b)
Start importing Assets/Animations/Swat@Rifle Aiming Idle.fbx using Guid(e010d5ae10b7846df9dbc3d06d0a3c55) Importer(815301076,1909f56bfc062723c751e8b465ee728b)  -> (artifact id: '3fdc893c7682a42d82745a7ff0709e6f') in 0.002985 seconds
Number of updated asset objects reloaded before import = 0
Number of asset objects unloaded after import = 145
========================================================================
Received Import Request.
  Time since last request: 16.792160 seconds.
  path: Assets/Animations/Swat@Rifle Jump.fbx
  artifactKey: Guid(6d921df13e6954af9a7478cc8b7ff54f) Importer(815301076,1909f56bfc062723c751e8b465ee728b)
Start importing Assets/Animations/Swat@Rifle Jump.fbx using Guid(6d921df13e6954af9a7478cc8b7ff54f) Importer(815301076,1909f56bfc062723c751e8b465ee728b)  -> (artifact id: '174c539286837d08b8bfeab83e3b551c') in 0.002738 seconds
Number of updated asset objects reloaded before import = 0
Number of asset objects unloaded after import = 145
========================================================================
Received Import Request.
  Time since last request: 11.449753 seconds.
  path: Assets/Animations/Swat@Rifle Run.fbx
  artifactKey: Guid(a8adc15757df8436c9c114e08b374da5) Importer(815301076,1909f56bfc062723c751e8b465ee728b)
Start importing Assets/Animations/Swat@Rifle Run.fbx using Guid(a8adc15757df8436c9c114e08b374da5) Importer(815301076,1909f56bfc062723c751e8b465ee728b)  -> (artifact id: '4a4b5988dd7322d83f81676b42192695') in 0.002653 seconds
Number of updated asset objects reloaded before import = 0
Number of asset objects unloaded after import = 145
========================================================================
Received Prepare
Begin MonoManager ReloadAssembly
Thread 0x31cfc7000 may have been prematurely finalized
- Loaded All Assemblies, in  0.377 seconds
Refreshing native plugins compatible for Editor in 1.24 ms, found 2 plugins.
Native extension for OSXStandalone target not found
Native extension for WebGL target not found
[Package Manager] Server::EnsureServerProcessIsRunning -- launch failed, reason: Unity was launched with the -noUpm command-line argument
[Package Manager] UpmClient::Send -- Unable to send message (not connected to UPM process).
[Package Manager] Cannot connect to Unity Package Manager local server
Mono: successfully reloaded assembly
- Finished resetting the current domain, in  1.015 seconds
Domain Reload Profiling: 1391ms
	BeginReloadAssembly (114ms)
		ExecutionOrderSort (0ms)
		DisableScriptedObjects (3ms)
		BackupInstance (0ms)
		ReleaseScriptingObjects (0ms)
		CreateAndSetChildDomain (51ms)
	RebuildCommonClasses (22ms)
	RebuildNativeTypeToScriptingClass (8ms)
	initialDomainReloadingComplete (16ms)
	LoadAllAssembliesAndSetupDomain (216ms)
		LoadAssemblies (226ms)
		RebuildTransferFunctionScriptingTraits (0ms)
		AnalyzeDomain (22ms)
			TypeCache.Refresh (10ms)
				TypeCache.ScanAssembly (0ms)
			ScanForSourceGeneratedMonoScriptInfo (0ms)
			ResolveRequiredComponents (11ms)
	FinalizeReload (1015ms)
		ReleaseScriptCaches (0ms)
		RebuildScriptCaches (0ms)
		SetupLoadedEditorAssemblies (383ms)
			LogAssemblyErrors (0ms)
			InitializePlatformSupportModulesInManaged (3ms)
			SetLoadedEditorAssemblies (4ms)
			RefreshPlugins (0ms)
			BeforeProcessingInitializeOnLoad (72ms)
			ProcessInitializeOnLoadAttributes (269ms)
			ProcessInitializeOnLoadMethodAttributes (33ms)
			AfterProcessingInitializeOnLoad (1ms)
			EditorAssembliesLoaded (0ms)
		ExecutionOrderSort2 (0ms)
		AwakeInstancesAfterBackupRestoration (3ms)
Refreshing native plugins compatible for Editor in 1.34 ms, found 2 plugins.
Preloading 0 native plugins for Editor in 0.00 ms.
Unloading 5696 Unused Serialized files (Serialized files now loaded: 0)
Unloading 55 unused Assets / (0.8 MB). Loaded Objects now: 6307.
Memory consumption went from 220.1 MB to 219.3 MB.
Total: 3.487459 ms (FindLiveObjects: 0.210125 ms CreateObjectMapping: 0.125792 ms MarkObjects: 2.847416 ms  DeleteObjects: 0.303667 ms)

Prepare: number of updated asset objects reloaded= 0
AssetImportParameters requested are different than current active one (requested -> active):
  custom:container-demuxer-ogg: 62fdf1f143b41e24485cea50d1cbac27 -> 
  custom:video-decoder-ogg-theora: a1e56fd34408186e4bbccfd4996cb3dc -> 
  custom:CustomObjectIndexerAttribute: 62b5816608c3102f162a1797e29626cf -> 
  custom:container-demuxer-webm: 4f35f7cbe854078d1ac9338744f61a02 -> 
  custom:container-muxer-webm: aa71ff27fc2769a1b78a27578f13a17b -> 
  custom:video-decoder-webm-vp8: 9c59270c3fd7afecdb556c50c9e8de78 -> 
  custom:SearchIndexIgnoredProperties: e643bd26f0fe6173181afceb89e7c659 -> 
  custom:AudioImporter_EditorPlatform: 3918e3fc78b5a79bad01e8451be0beb8 -> 
  custom:framework-osx-AVFoundation: e770b220cccbd017edd2c1fefb359320 -> 
  custom:video-encoder-webm-vp8: eb34c28f22e8b96e1ab97ce403110664 -> 
  custom:audio-decoder-ogg-vorbis: bf7c407c2cedff20999df2af8eb42d56 -> 
  custom:audio-encoder-webm-vorbis: bf7c407c2cedff20999df2af8eb42d56 -> 
========================================================================
Received Prepare
Begin MonoManager ReloadAssembly
Thread 0x17e153000 may have been prematurely finalized
- Loaded All Assemblies, in  0.331 seconds
Refreshing native plugins compatible for Editor in 0.94 ms, found 2 plugins.
Native extension for OSXStandalone target not found
Native extension for WebGL target not found
[Package Manager] Server::EnsureServerProcessIsRunning -- launch failed, reason: Unity was launched with the -noUpm command-line argument
[Package Manager] UpmClient::Send -- Unable to send message (not connected to UPM process).
[Package Manager] Cannot connect to Unity Package Manager local server
Mono: successfully reloaded assembly
- Finished resetting the current domain, in  0.984 seconds
Domain Reload Profiling: 1315ms
	BeginReloadAssembly (91ms)
		ExecutionOrderSort (0ms)
		DisableScriptedObjects (2ms)
		BackupInstance (0ms)
		ReleaseScriptingObjects (0ms)
		CreateAndSetChildDomain (35ms)
	RebuildCommonClasses (22ms)
	RebuildNativeTypeToScriptingClass (8ms)
	initialDomainReloadingComplete (14ms)
	LoadAllAssembliesAndSetupDomain (197ms)
		LoadAssemblies (210ms)
		RebuildTransferFunctionScriptingTraits (0ms)
		AnalyzeDomain (18ms)
			TypeCache.Refresh (7ms)
				TypeCache.ScanAssembly (0ms)
			ScanForSourceGeneratedMonoScriptInfo (0ms)
			ResolveRequiredComponents (10ms)
	FinalizeReload (985ms)
		ReleaseScriptCaches (0ms)
		RebuildScriptCaches (0ms)
		SetupLoadedEditorAssemblies (382ms)
			LogAssemblyErrors (0ms)
			InitializePlatformSupportModulesInManaged (3ms)
			SetLoadedEditorAssemblies (5ms)
			RefreshPlugins (0ms)
			BeforeProcessingInitializeOnLoad (72ms)
			ProcessInitializeOnLoadAttributes (268ms)
			ProcessInitializeOnLoadMethodAttributes (34ms)
			AfterProcessingInitializeOnLoad (1ms)
			EditorAssembliesLoaded (0ms)
		ExecutionOrderSort2 (0ms)
		AwakeInstancesAfterBackupRestoration (2ms)
Refreshing native plugins compatible for Editor in 1.35 ms, found 2 plugins.
Preloading 0 native plugins for Editor in 0.00 ms.
Unloading 5696 Unused Serialized files (Serialized files now loaded: 0)
Unloading 53 unused Assets / (0.8 MB). Loaded Objects now: 6323.
Memory consumption went from 229.0 MB to 228.2 MB.
Total: 3.563625 ms (FindLiveObjects: 0.313666 ms CreateObjectMapping: 0.171542 ms MarkObjects: 2.568542 ms  DeleteObjects: 0.509166 ms)

Prepare: number of updated asset objects reloaded= 0
AssetImportParameters requested are different than current active one (requested -> active):
  custom:container-demuxer-ogg: 62fdf1f143b41e24485cea50d1cbac27 -> 
  custom:video-decoder-ogg-theora: a1e56fd34408186e4bbccfd4996cb3dc -> 
  custom:CustomObjectIndexerAttribute: 62b5816608c3102f162a1797e29626cf -> 
  custom:container-demuxer-webm: 4f35f7cbe854078d1ac9338744f61a02 -> 
  custom:container-muxer-webm: aa71ff27fc2769a1b78a27578f13a17b -> 
  custom:video-decoder-webm-vp8: 9c59270c3fd7afecdb556c50c9e8de78 -> 
  custom:SearchIndexIgnoredProperties: e643bd26f0fe6173181afceb89e7c659 -> 
  custom:AudioImporter_EditorPlatform: 3918e3fc78b5a79bad01e8451be0beb8 -> 
  custom:framework-osx-AVFoundation: e770b220cccbd017edd2c1fefb359320 -> 
  custom:video-encoder-webm-vp8: eb34c28f22e8b96e1ab97ce403110664 -> 
  custom:audio-decoder-ogg-vorbis: bf7c407c2cedff20999df2af8eb42d56 -> 
  custom:audio-encoder-webm-vorbis: bf7c407c2cedff20999df2af8eb42d56 -> 
========================================================================
Received Prepare
Begin MonoManager ReloadAssembly
Thread 0x16b8ff000 may have been prematurely finalized
- Loaded All Assemblies, in  0.310 seconds
Refreshing native plugins compatible for Editor in 1.02 ms, found 2 plugins.
Native extension for OSXStandalone target not found
Native extension for WebGL target not found
[Package Manager] Server::EnsureServerProcessIsRunning -- launch failed, reason: Unity was launched with the -noUpm command-line argument
[Package Manager] UpmClient::Send -- Unable to send message (not connected to UPM process).
[Package Manager] Cannot connect to Unity Package Manager local server
Mono: successfully reloaded assembly
- Finished resetting the current domain, in  0.977 seconds
Domain Reload Profiling: 1287ms
	BeginReloadAssembly (89ms)
		ExecutionOrderSort (0ms)
		DisableScriptedObjects (2ms)
		BackupInstance (0ms)
		ReleaseScriptingObjects (0ms)
		CreateAndSetChildDomain (36ms)
	RebuildCommonClasses (21ms)
	RebuildNativeTypeToScriptingClass (8ms)
	initialDomainReloadingComplete (13ms)
	LoadAllAssembliesAndSetupDomain (179ms)
		LoadAssemblies (190ms)
		RebuildTransferFunctionScriptingTraits (0ms)
		AnalyzeDomain (17ms)
			TypeCache.Refresh (7ms)
				TypeCache.ScanAssembly (0ms)
			ScanForSourceGeneratedMonoScriptInfo (0ms)
			ResolveRequiredComponents (9ms)
	FinalizeReload (977ms)
		ReleaseScriptCaches (0ms)
		RebuildScriptCaches (0ms)
		SetupLoadedEditorAssemblies (384ms)
			LogAssemblyErrors (0ms)
			InitializePlatformSupportModulesInManaged (3ms)
			SetLoadedEditorAssemblies (4ms)
			RefreshPlugins (0ms)
			BeforeProcessingInitializeOnLoad (71ms)
			ProcessInitializeOnLoadAttributes (271ms)
			ProcessInitializeOnLoadMethodAttributes (33ms)
			AfterProcessingInitializeOnLoad (1ms)
			EditorAssembliesLoaded (0ms)
		ExecutionOrderSort2 (0ms)
		AwakeInstancesAfterBackupRestoration (2ms)
Refreshing native plugins compatible for Editor in 1.44 ms, found 2 plugins.
Preloading 0 native plugins for Editor in 0.00 ms.
Unloading 5696 Unused Serialized files (Serialized files now loaded: 0)
Unloading 53 unused Assets / (0.8 MB). Loaded Objects now: 6339.
Memory consumption went from 237.9 MB to 237.1 MB.
Total: 3.454333 ms (FindLiveObjects: 0.272000 ms CreateObjectMapping: 0.144750 ms MarkObjects: 2.704833 ms  DeleteObjects: 0.332042 ms)

Prepare: number of updated asset objects reloaded= 0
AssetImportParameters requested are different than current active one (requested -> active):
  custom:container-demuxer-ogg: 62fdf1f143b41e24485cea50d1cbac27 -> 
  custom:video-decoder-ogg-theora: a1e56fd34408186e4bbccfd4996cb3dc -> 
  custom:CustomObjectIndexerAttribute: 62b5816608c3102f162a1797e29626cf -> 
  custom:container-demuxer-webm: 4f35f7cbe854078d1ac9338744f61a02 -> 
  custom:container-muxer-webm: aa71ff27fc2769a1b78a27578f13a17b -> 
  custom:video-decoder-webm-vp8: 9c59270c3fd7afecdb556c50c9e8de78 -> 
  custom:SearchIndexIgnoredProperties: e643bd26f0fe6173181afceb89e7c659 -> 
  custom:AudioImporter_EditorPlatform: 3918e3fc78b5a79bad01e8451be0beb8 -> 
  custom:framework-osx-AVFoundation: e770b220cccbd017edd2c1fefb359320 -> 
  custom:video-encoder-webm-vp8: eb34c28f22e8b96e1ab97ce403110664 -> 
  custom:audio-decoder-ogg-vorbis: bf7c407c2cedff20999df2af8eb42d56 -> 
  custom:audio-encoder-webm-vorbis: bf7c407c2cedff20999df2af8eb42d56 -> 
========================================================================
Received Prepare
Begin MonoManager ReloadAssembly
Thread 0x16b8ff000 may have been prematurely finalized
- Loaded All Assemblies, in  0.305 seconds
Refreshing native plugins compatible for Editor in 1.06 ms, found 2 plugins.
Native extension for OSXStandalone target not found
Native extension for WebGL target not found
[Package Manager] Server::EnsureServerProcessIsRunning -- launch failed, reason: Unity was launched with the -noUpm command-line argument
[Package Manager] UpmClient::Send -- Unable to send message (not connected to UPM process).
[Package Manager] Cannot connect to Unity Package Manager local server
Mono: successfully reloaded assembly
- Finished resetting the current domain, in  0.982 seconds
Domain Reload Profiling: 1287ms
	BeginReloadAssembly (89ms)
		ExecutionOrderSort (0ms)
		DisableScriptedObjects (2ms)
		BackupInstance (0ms)
		ReleaseScriptingObjects (0ms)
		CreateAndSetChildDomain (35ms)
	RebuildCommonClasses (22ms)
	RebuildNativeTypeToScriptingClass (8ms)
	initialDomainReloadingComplete (13ms)
	LoadAllAssembliesAndSetupDomain (174ms)
		LoadAssemblies (186ms)
		RebuildTransferFunctionScriptingTraits (0ms)
		AnalyzeDomain (16ms)
			TypeCache.Refresh (6ms)
				TypeCache.ScanAssembly (0ms)
			ScanForSourceGeneratedMonoScriptInfo (0ms)
			ResolveRequiredComponents (9ms)
	FinalizeReload (982ms)
		ReleaseScriptCaches (0ms)
		RebuildScriptCaches (0ms)
		SetupLoadedEditorAssemblies (384ms)
			LogAssemblyErrors (0ms)
			InitializePlatformSupportModulesInManaged (3ms)
			SetLoadedEditorAssemblies (5ms)
			RefreshPlugins (0ms)
			BeforeProcessingInitializeOnLoad (72ms)
			ProcessInitializeOnLoadAttributes (270ms)
			ProcessInitializeOnLoadMethodAttributes (34ms)
			AfterProcessingInitializeOnLoad (1ms)
			EditorAssembliesLoaded (0ms)
		ExecutionOrderSort2 (0ms)
		AwakeInstancesAfterBackupRestoration (2ms)
Refreshing native plugins compatible for Editor in 1.46 ms, found 2 plugins.
Preloading 0 native plugins for Editor in 0.00 ms.
Unloading 5696 Unused Serialized files (Serialized files now loaded: 0)
Unloading 53 unused Assets / (0.8 MB). Loaded Objects now: 6355.
Memory consumption went from 246.8 MB to 246.0 MB.
Total: 3.437292 ms (FindLiveObjects: 0.291584 ms CreateObjectMapping: 0.185125 ms MarkObjects: 2.612666 ms  DeleteObjects: 0.347500 ms)

Prepare: number of updated asset objects reloaded= 0
AssetImportParameters requested are different than current active one (requested -> active):
  custom:container-demuxer-ogg: 62fdf1f143b41e24485cea50d1cbac27 -> 
  custom:video-decoder-ogg-theora: a1e56fd34408186e4bbccfd4996cb3dc -> 
  custom:CustomObjectIndexerAttribute: 62b5816608c3102f162a1797e29626cf -> 
  custom:container-demuxer-webm: 4f35f7cbe854078d1ac9338744f61a02 -> 
  custom:container-muxer-webm: aa71ff27fc2769a1b78a27578f13a17b -> 
  custom:video-decoder-webm-vp8: 9c59270c3fd7afecdb556c50c9e8de78 -> 
  custom:SearchIndexIgnoredProperties: e643bd26f0fe6173181afceb89e7c659 -> 
  custom:AudioImporter_EditorPlatform: 3918e3fc78b5a79bad01e8451be0beb8 -> 
  custom:framework-osx-AVFoundation: e770b220cccbd017edd2c1fefb359320 -> 
  custom:video-encoder-webm-vp8: eb34c28f22e8b96e1ab97ce403110664 -> 
  custom:audio-decoder-ogg-vorbis: bf7c407c2cedff20999df2af8eb42d56 -> 
  custom:audio-encoder-webm-vorbis: bf7c407c2cedff20999df2af8eb42d56 -> 
========================================================================
Received Prepare
Begin MonoManager ReloadAssembly
Thread 0x16b8ff000 may have been prematurely finalized
- Loaded All Assemblies, in  0.327 seconds
Refreshing native plugins compatible for Editor in 1.10 ms, found 2 plugins.
Native extension for OSXStandalone target not found
Native extension for WebGL target not found
[Package Manager] Server::EnsureServerProcessIsRunning -- launch failed, reason: Unity was launched with the -noUpm command-line argument
[Package Manager] UpmClient::Send -- Unable to send message (not connected to UPM process).
[Package Manager] Cannot connect to Unity Package Manager local server
Mono: successfully reloaded assembly
- Finished resetting the current domain, in  1.003 seconds
Domain Reload Profiling: 1331ms
	BeginReloadAssembly (107ms)
		ExecutionOrderSort (0ms)
		DisableScriptedObjects (3ms)
		BackupInstance (0ms)
		ReleaseScriptingObjects (0ms)
		CreateAndSetChildDomain (42ms)
	RebuildCommonClasses (21ms)
	RebuildNativeTypeToScriptingClass (8ms)
	initialDomainReloadingComplete (14ms)
	LoadAllAssembliesAndSetupDomain (178ms)
		LoadAssemblies (197ms)
		RebuildTransferFunctionScriptingTraits (0ms)
		AnalyzeDomain (19ms)
			TypeCache.Refresh (8ms)
				TypeCache.ScanAssembly (0ms)
			ScanForSourceGeneratedMonoScriptInfo (0ms)
			ResolveRequiredComponents (10ms)
	FinalizeReload (1004ms)
		ReleaseScriptCaches (0ms)
		RebuildScriptCaches (0ms)
		SetupLoadedEditorAssemblies (386ms)
			LogAssemblyErrors (0ms)
			InitializePlatformSupportModulesInManaged (4ms)
			SetLoadedEditorAssemblies (4ms)
			RefreshPlugins (0ms)
			BeforeProcessingInitializeOnLoad (72ms)
			ProcessInitializeOnLoadAttributes (271ms)
			ProcessInitializeOnLoadMethodAttributes (34ms)
			AfterProcessingInitializeOnLoad (1ms)
			EditorAssembliesLoaded (0ms)
		ExecutionOrderSort2 (0ms)
		AwakeInstancesAfterBackupRestoration (2ms)
Refreshing native plugins compatible for Editor in 1.36 ms, found 2 plugins.
Preloading 0 native plugins for Editor in 0.00 ms.
Unloading 5696 Unused Serialized files (Serialized files now loaded: 0)
Unloading 53 unused Assets / (0.8 MB). Loaded Objects now: 6371.
Memory consumption went from 255.7 MB to 254.9 MB.
Total: 3.716083 ms (FindLiveObjects: 0.235917 ms CreateObjectMapping: 0.174125 ms MarkObjects: 2.876833 ms  DeleteObjects: 0.428500 ms)

Prepare: number of updated asset objects reloaded= 0
AssetImportParameters requested are different than current active one (requested -> active):
  custom:container-demuxer-ogg: 62fdf1f143b41e24485cea50d1cbac27 -> 
  custom:video-decoder-ogg-theora: a1e56fd34408186e4bbccfd4996cb3dc -> 
  custom:CustomObjectIndexerAttribute: 62b5816608c3102f162a1797e29626cf -> 
  custom:container-demuxer-webm: 4f35f7cbe854078d1ac9338744f61a02 -> 
  custom:container-muxer-webm: aa71ff27fc2769a1b78a27578f13a17b -> 
  custom:video-decoder-webm-vp8: 9c59270c3fd7afecdb556c50c9e8de78 -> 
  custom:SearchIndexIgnoredProperties: e643bd26f0fe6173181afceb89e7c659 -> 
  custom:AudioImporter_EditorPlatform: 3918e3fc78b5a79bad01e8451be0beb8 -> 
  custom:framework-osx-AVFoundation: e770b220cccbd017edd2c1fefb359320 -> 
  custom:video-encoder-webm-vp8: eb34c28f22e8b96e1ab97ce403110664 -> 
  custom:audio-decoder-ogg-vorbis: bf7c407c2cedff20999df2af8eb42d56 -> 
  custom:audio-encoder-webm-vorbis: bf7c407c2cedff20999df2af8eb42d56 -> 
========================================================================
Received Prepare
Begin MonoManager ReloadAssembly
Thread 0x16b8ff000 may have been prematurely finalized
- Loaded All Assemblies, in  0.292 seconds
Refreshing native plugins compatible for Editor in 1.15 ms, found 2 plugins.
Native extension for OSXStandalone target not found
Native extension for WebGL target not found
[Package Manager] Server::EnsureServerProcessIsRunning -- launch failed, reason: Unity was launched with the -noUpm command-line argument
[Package Manager] UpmClient::Send -- Unable to send message (not connected to UPM process).
[Package Manager] Cannot connect to Unity Package Manager local server
Mono: successfully reloaded assembly
- Finished resetting the current domain, in  0.957 seconds
Domain Reload Profiling: 1249ms
	BeginReloadAssembly (86ms)
		ExecutionOrderSort (0ms)
		DisableScriptedObjects (2ms)
		BackupInstance (0ms)
		ReleaseScriptingObjects (0ms)
		CreateAndSetChildDomain (34ms)
	RebuildCommonClasses (21ms)
	RebuildNativeTypeToScriptingClass (8ms)
	initialDomainReloadingComplete (13ms)
	LoadAllAssembliesAndSetupDomain (164ms)
		LoadAssemblies (173ms)
		RebuildTransferFunctionScriptingTraits (0ms)
		AnalyzeDomain (19ms)
			TypeCache.Refresh (7ms)
				TypeCache.ScanAssembly (0ms)
			ScanForSourceGeneratedMonoScriptInfo (0ms)
			ResolveRequiredComponents (10ms)
	FinalizeReload (957ms)
		ReleaseScriptCaches (0ms)
		RebuildScriptCaches (0ms)
		SetupLoadedEditorAssemblies (376ms)
			LogAssemblyErrors (0ms)
			InitializePlatformSupportModulesInManaged (3ms)
			SetLoadedEditorAssemblies (4ms)
			RefreshPlugins (0ms)
			BeforeProcessingInitializeOnLoad (72ms)
			ProcessInitializeOnLoadAttributes (263ms)
			ProcessInitializeOnLoadMethodAttributes (33ms)
			AfterProcessingInitializeOnLoad (1ms)
			EditorAssembliesLoaded (0ms)
		ExecutionOrderSort2 (0ms)
		AwakeInstancesAfterBackupRestoration (2ms)
Refreshing native plugins compatible for Editor in 1.33 ms, found 2 plugins.
Preloading 0 native plugins for Editor in 0.00 ms.
Unloading 5696 Unused Serialized files (Serialized files now loaded: 0)
Unloading 53 unused Assets / (0.8 MB). Loaded Objects now: 6387.
Memory consumption went from 264.7 MB to 263.9 MB.
Total: 3.326833 ms (FindLiveObjects: 0.248542 ms CreateObjectMapping: 0.158209 ms MarkObjects: 2.589500 ms  DeleteObjects: 0.329916 ms)

Prepare: number of updated asset objects reloaded= 0
AssetImportParameters requested are different than current active one (requested -> active):
  custom:container-demuxer-ogg: 62fdf1f143b41e24485cea50d1cbac27 -> 
  custom:video-decoder-ogg-theora: a1e56fd34408186e4bbccfd4996cb3dc -> 
  custom:CustomObjectIndexerAttribute: 62b5816608c3102f162a1797e29626cf -> 
  custom:container-demuxer-webm: 4f35f7cbe854078d1ac9338744f61a02 -> 
  custom:container-muxer-webm: aa71ff27fc2769a1b78a27578f13a17b -> 
  custom:video-decoder-webm-vp8: 9c59270c3fd7afecdb556c50c9e8de78 -> 
  custom:SearchIndexIgnoredProperties: e643bd26f0fe6173181afceb89e7c659 -> 
  custom:AudioImporter_EditorPlatform: 3918e3fc78b5a79bad01e8451be0beb8 -> 
  custom:framework-osx-AVFoundation: e770b220cccbd017edd2c1fefb359320 -> 
  custom:video-encoder-webm-vp8: eb34c28f22e8b96e1ab97ce403110664 -> 
  custom:audio-decoder-ogg-vorbis: bf7c407c2cedff20999df2af8eb42d56 -> 
  custom:audio-encoder-webm-vorbis: bf7c407c2cedff20999df2af8eb42d56 -> 
========================================================================
Received Prepare
Begin MonoManager ReloadAssembly
Thread 0x16b873000 may have been prematurely finalized
- Loaded All Assemblies, in  0.329 seconds
Refreshing native plugins compatible for Editor in 1.23 ms, found 2 plugins.
Native extension for OSXStandalone target not found
Native extension for WebGL target not found
[Package Manager] Server::EnsureServerProcessIsRunning -- launch failed, reason: Unity was launched with the -noUpm command-line argument
[Package Manager] UpmClient::Send -- Unable to send message (not connected to UPM process).
[Package Manager] Cannot connect to Unity Package Manager local server
Mono: successfully reloaded assembly
- Finished resetting the current domain, in  0.974 seconds
Domain Reload Profiling: 1304ms
	BeginReloadAssembly (93ms)
		ExecutionOrderSort (0ms)
		DisableScriptedObjects (2ms)
		BackupInstance (0ms)
		ReleaseScriptingObjects (0ms)
		CreateAndSetChildDomain (40ms)
	RebuildCommonClasses (21ms)
	RebuildNativeTypeToScriptingClass (8ms)
	initialDomainReloadingComplete (14ms)
	LoadAllAssembliesAndSetupDomain (194ms)
		LoadAssemblies (203ms)
		RebuildTransferFunctionScriptingTraits (0ms)
		AnalyzeDomain (18ms)
			TypeCache.Refresh (7ms)
				TypeCache.ScanAssembly (0ms)
			ScanForSourceGeneratedMonoScriptInfo (0ms)
			ResolveRequiredComponents (10ms)
	FinalizeReload (975ms)
		ReleaseScriptCaches (0ms)
		RebuildScriptCaches (0ms)
		SetupLoadedEditorAssemblies (384ms)
			LogAssemblyErrors (0ms)
			InitializePlatformSupportModulesInManaged (4ms)
			SetLoadedEditorAssemblies (4ms)
			RefreshPlugins (0ms)
			BeforeProcessingInitializeOnLoad (72ms)
			ProcessInitializeOnLoadAttributes (270ms)
			ProcessInitializeOnLoadMethodAttributes (34ms)
			AfterProcessingInitializeOnLoad (1ms)
			EditorAssembliesLoaded (0ms)
		ExecutionOrderSort2 (0ms)
		AwakeInstancesAfterBackupRestoration (2ms)
Refreshing native plugins compatible for Editor in 1.39 ms, found 2 plugins.
Preloading 0 native plugins for Editor in 0.00 ms.
Unloading 5696 Unused Serialized files (Serialized files now loaded: 0)
Unloading 53 unused Assets / (0.8 MB). Loaded Objects now: 6403.
Memory consumption went from 273.5 MB to 272.8 MB.
Total: 3.489125 ms (FindLiveObjects: 0.281875 ms CreateObjectMapping: 0.173166 ms MarkObjects: 2.675000 ms  DeleteObjects: 0.358583 ms)

Prepare: number of updated asset objects reloaded= 0
AssetImportParameters requested are different than current active one (requested -> active):
  custom:container-demuxer-ogg: 62fdf1f143b41e24485cea50d1cbac27 -> 
  custom:video-decoder-ogg-theora: a1e56fd34408186e4bbccfd4996cb3dc -> 
  custom:CustomObjectIndexerAttribute: 62b5816608c3102f162a1797e29626cf -> 
  custom:container-demuxer-webm: 4f35f7cbe854078d1ac9338744f61a02 -> 
  custom:container-muxer-webm: aa71ff27fc2769a1b78a27578f13a17b -> 
  custom:video-decoder-webm-vp8: 9c59270c3fd7afecdb556c50c9e8de78 -> 
  custom:SearchIndexIgnoredProperties: e643bd26f0fe6173181afceb89e7c659 -> 
  custom:AudioImporter_EditorPlatform: 3918e3fc78b5a79bad01e8451be0beb8 -> 
  custom:framework-osx-AVFoundation: e770b220cccbd017edd2c1fefb359320 -> 
  custom:video-encoder-webm-vp8: eb34c28f22e8b96e1ab97ce403110664 -> 
  custom:audio-decoder-ogg-vorbis: bf7c407c2cedff20999df2af8eb42d56 -> 
  custom:audio-encoder-webm-vorbis: bf7c407c2cedff20999df2af8eb42d56 -> 
========================================================================
Received Prepare
Begin MonoManager ReloadAssembly
Thread 0x16b873000 may have been prematurely finalized
- Loaded All Assemblies, in  0.317 seconds
Refreshing native plugins compatible for Editor in 1.05 ms, found 2 plugins.
Native extension for OSXStandalone target not found
Native extension for WebGL target not found
[Package Manager] Server::EnsureServerProcessIsRunning -- launch failed, reason: Unity was launched with the -noUpm command-line argument
[Package Manager] UpmClient::Send -- Unable to send message (not connected to UPM process).
[Package Manager] Cannot connect to Unity Package Manager local server
Mono: successfully reloaded assembly
- Finished resetting the current domain, in  0.956 seconds
Domain Reload Profiling: 1274ms
	BeginReloadAssembly (87ms)
		ExecutionOrderSort (0ms)
		DisableScriptedObjects (2ms)
		BackupInstance (0ms)
		ReleaseScriptingObjects (0ms)
		CreateAndSetChildDomain (35ms)
	RebuildCommonClasses (22ms)
	RebuildNativeTypeToScriptingClass (8ms)
	initialDomainReloadingComplete (13ms)
	LoadAllAssembliesAndSetupDomain (187ms)
		LoadAssemblies (195ms)
		RebuildTransferFunctionScriptingTraits (0ms)
		AnalyzeDomain (19ms)
			TypeCache.Refresh (9ms)
				TypeCache.ScanAssembly (0ms)
			ScanForSourceGeneratedMonoScriptInfo (0ms)
			ResolveRequiredComponents (9ms)
	FinalizeReload (956ms)
		ReleaseScriptCaches (0ms)
		RebuildScriptCaches (0ms)
		SetupLoadedEditorAssemblies (379ms)
			LogAssemblyErrors (0ms)
			InitializePlatformSupportModulesInManaged (3ms)
			SetLoadedEditorAssemblies (4ms)
			RefreshPlugins (0ms)
			BeforeProcessingInitializeOnLoad (71ms)
			ProcessInitializeOnLoadAttributes (266ms)
			ProcessInitializeOnLoadMethodAttributes (34ms)
			AfterProcessingInitializeOnLoad (1ms)
			EditorAssembliesLoaded (0ms)
		ExecutionOrderSort2 (0ms)
		AwakeInstancesAfterBackupRestoration (2ms)
Refreshing native plugins compatible for Editor in 1.34 ms, found 2 plugins.
Preloading 0 native plugins for Editor in 0.00 ms.
Unloading 5696 Unused Serialized files (Serialized files now loaded: 0)
Unloading 53 unused Assets / (0.8 MB). Loaded Objects now: 6419.
Memory consumption went from 282.4 MB to 281.6 MB.
Total: 3.343334 ms (FindLiveObjects: 0.254333 ms CreateObjectMapping: 0.139958 ms MarkObjects: 2.610167 ms  DeleteObjects: 0.338375 ms)

Prepare: number of updated asset objects reloaded= 0
AssetImportParameters requested are different than current active one (requested -> active):
  custom:container-demuxer-ogg: 62fdf1f143b41e24485cea50d1cbac27 -> 
  custom:video-decoder-ogg-theora: a1e56fd34408186e4bbccfd4996cb3dc -> 
  custom:CustomObjectIndexerAttribute: 62b5816608c3102f162a1797e29626cf -> 
  custom:container-demuxer-webm: 4f35f7cbe854078d1ac9338744f61a02 -> 
  custom:container-muxer-webm: aa71ff27fc2769a1b78a27578f13a17b -> 
  custom:video-decoder-webm-vp8: 9c59270c3fd7afecdb556c50c9e8de78 -> 
  custom:SearchIndexIgnoredProperties: e643bd26f0fe6173181afceb89e7c659 -> 
  custom:AudioImporter_EditorPlatform: 3918e3fc78b5a79bad01e8451be0beb8 -> 
  custom:framework-osx-AVFoundation: e770b220cccbd017edd2c1fefb359320 -> 
  custom:video-encoder-webm-vp8: eb34c28f22e8b96e1ab97ce403110664 -> 
  custom:audio-decoder-ogg-vorbis: bf7c407c2cedff20999df2af8eb42d56 -> 
  custom:audio-encoder-webm-vorbis: bf7c407c2cedff20999df2af8eb42d56 -> 
========================================================================
Received Prepare
Begin MonoManager ReloadAssembly
Thread 0x16b873000 may have been prematurely finalized
- Loaded All Assemblies, in  0.320 seconds
Refreshing native plugins compatible for Editor in 1.31 ms, found 2 plugins.
Native extension for OSXStandalone target not found
Native extension for WebGL target not found
[Package Manager] Server::EnsureServerProcessIsRunning -- launch failed, reason: Unity was launched with the -noUpm command-line argument
[Package Manager] UpmClient::Send -- Unable to send message (not connected to UPM process).
[Package Manager] Cannot connect to Unity Package Manager local server
Mono: successfully reloaded assembly
- Finished resetting the current domain, in  0.959 seconds
Domain Reload Profiling: 1279ms
	BeginReloadAssembly (93ms)
		ExecutionOrderSort (0ms)
		DisableScriptedObjects (2ms)
		BackupInstance (0ms)
		ReleaseScriptingObjects (0ms)
		CreateAndSetChildDomain (37ms)
	RebuildCommonClasses (21ms)
	RebuildNativeTypeToScriptingClass (8ms)
	initialDomainReloadingComplete (14ms)
	LoadAllAssembliesAndSetupDomain (184ms)
		LoadAssemblies (195ms)
		RebuildTransferFunctionScriptingTraits (0ms)
		AnalyzeDomain (19ms)
			TypeCache.Refresh (8ms)
				TypeCache.ScanAssembly (0ms)
			ScanForSourceGeneratedMonoScriptInfo (0ms)
			ResolveRequiredComponents (10ms)
	FinalizeReload (960ms)
		ReleaseScriptCaches (0ms)
		RebuildScriptCaches (0ms)
		SetupLoadedEditorAssemblies (374ms)
			LogAssemblyErrors (0ms)
			InitializePlatformSupportModulesInManaged (3ms)
			SetLoadedEditorAssemblies (4ms)
			RefreshPlugins (0ms)
			BeforeProcessingInitializeOnLoad (72ms)
			ProcessInitializeOnLoadAttributes (261ms)
			ProcessInitializeOnLoadMethodAttributes (33ms)
			AfterProcessingInitializeOnLoad (1ms)
			EditorAssembliesLoaded (0ms)
		ExecutionOrderSort2 (0ms)
		AwakeInstancesAfterBackupRestoration (2ms)
Refreshing native plugins compatible for Editor in 1.37 ms, found 2 plugins.
Preloading 0 native plugins for Editor in 0.00 ms.
Unloading 5696 Unused Serialized files (Serialized files now loaded: 0)
Unloading 53 unused Assets / (0.8 MB). Loaded Objects now: 6435.
Memory consumption went from 291.3 MB to 290.5 MB.
Total: 3.307708 ms (FindLiveObjects: 0.235958 ms CreateObjectMapping: 0.137375 ms MarkObjects: 2.618708 ms  DeleteObjects: 0.315250 ms)

Prepare: number of updated asset objects reloaded= 0
AssetImportParameters requested are different than current active one (requested -> active):
  custom:container-demuxer-ogg: 62fdf1f143b41e24485cea50d1cbac27 -> 
  custom:video-decoder-ogg-theora: a1e56fd34408186e4bbccfd4996cb3dc -> 
  custom:CustomObjectIndexerAttribute: 62b5816608c3102f162a1797e29626cf -> 
  custom:container-demuxer-webm: 4f35f7cbe854078d1ac9338744f61a02 -> 
  custom:container-muxer-webm: aa71ff27fc2769a1b78a27578f13a17b -> 
  custom:video-decoder-webm-vp8: 9c59270c3fd7afecdb556c50c9e8de78 -> 
  custom:SearchIndexIgnoredProperties: e643bd26f0fe6173181afceb89e7c659 -> 
  custom:AudioImporter_EditorPlatform: 3918e3fc78b5a79bad01e8451be0beb8 -> 
  custom:framework-osx-AVFoundation: e770b220cccbd017edd2c1fefb359320 -> 
  custom:video-encoder-webm-vp8: eb34c28f22e8b96e1ab97ce403110664 -> 
  custom:audio-decoder-ogg-vorbis: bf7c407c2cedff20999df2af8eb42d56 -> 
  custom:audio-encoder-webm-vorbis: bf7c407c2cedff20999df2af8eb42d56 -> 
========================================================================
Received Prepare
Begin MonoManager ReloadAssembly
Thread 0x16b873000 may have been prematurely finalized
- Loaded All Assemblies, in  0.307 seconds
Refreshing native plugins compatible for Editor in 1.22 ms, found 2 plugins.
Native extension for OSXStandalone target not found
Native extension for WebGL target not found
[Package Manager] Server::EnsureServerProcessIsRunning -- launch failed, reason: Unity was launched with the -noUpm command-line argument
[Package Manager] UpmClient::Send -- Unable to send message (not connected to UPM process).
[Package Manager] Cannot connect to Unity Package Manager local server
Mono: successfully reloaded assembly
- Finished resetting the current domain, in  0.951 seconds
Domain Reload Profiling: 1258ms
	BeginReloadAssembly (88ms)
		ExecutionOrderSort (0ms)
		DisableScriptedObjects (2ms)
		BackupInstance (0ms)
		ReleaseScriptingObjects (0ms)
		CreateAndSetChildDomain (34ms)
	RebuildCommonClasses (21ms)
	RebuildNativeTypeToScriptingClass (8ms)
	initialDomainReloadingComplete (13ms)
	LoadAllAssembliesAndSetupDomain (177ms)
		LoadAssemblies (188ms)
		RebuildTransferFunctionScriptingTraits (0ms)
		AnalyzeDomain (18ms)
			TypeCache.Refresh (6ms)
				TypeCache.ScanAssembly (0ms)
			ScanForSourceGeneratedMonoScriptInfo (0ms)
			ResolveRequiredComponents (9ms)
	FinalizeReload (951ms)
		ReleaseScriptCaches (0ms)
		RebuildScriptCaches (0ms)
		SetupLoadedEditorAssemblies (373ms)
			LogAssemblyErrors (0ms)
			InitializePlatformSupportModulesInManaged (3ms)
			SetLoadedEditorAssemblies (4ms)
			RefreshPlugins (0ms)
			BeforeProcessingInitializeOnLoad (71ms)
			ProcessInitializeOnLoadAttributes (261ms)
			ProcessInitializeOnLoadMethodAttributes (33ms)
			AfterProcessingInitializeOnLoad (1ms)
			EditorAssembliesLoaded (0ms)
		ExecutionOrderSort2 (0ms)
		AwakeInstancesAfterBackupRestoration (2ms)
Refreshing native plugins compatible for Editor in 1.39 ms, found 2 plugins.
Preloading 0 native plugins for Editor in 0.00 ms.
Unloading 5696 Unused Serialized files (Serialized files now loaded: 0)
Unloading 53 unused Assets / (0.8 MB). Loaded Objects now: 6451.
Memory consumption went from 300.2 MB to 299.4 MB.
Total: 3.188125 ms (FindLiveObjects: 0.228791 ms CreateObjectMapping: 0.136333 ms MarkObjects: 2.498959 ms  DeleteObjects: 0.323500 ms)

Prepare: number of updated asset objects reloaded= 0
AssetImportParameters requested are different than current active one (requested -> active):
  custom:container-demuxer-ogg: 62fdf1f143b41e24485cea50d1cbac27 -> 
  custom:video-decoder-ogg-theora: a1e56fd34408186e4bbccfd4996cb3dc -> 
  custom:CustomObjectIndexerAttribute: 62b5816608c3102f162a1797e29626cf -> 
  custom:container-demuxer-webm: 4f35f7cbe854078d1ac9338744f61a02 -> 
  custom:container-muxer-webm: aa71ff27fc2769a1b78a27578f13a17b -> 
  custom:video-decoder-webm-vp8: 9c59270c3fd7afecdb556c50c9e8de78 -> 
  custom:SearchIndexIgnoredProperties: e643bd26f0fe6173181afceb89e7c659 -> 
  custom:AudioImporter_EditorPlatform: 3918e3fc78b5a79bad01e8451be0beb8 -> 
  custom:framework-osx-AVFoundation: e770b220cccbd017edd2c1fefb359320 -> 
  custom:video-encoder-webm-vp8: eb34c28f22e8b96e1ab97ce403110664 -> 
  custom:audio-decoder-ogg-vorbis: bf7c407c2cedff20999df2af8eb42d56 -> 
  custom:audio-encoder-webm-vorbis: bf7c407c2cedff20999df2af8eb42d56 -> 
========================================================================
Received Import Request.
  Time since last request: 1270.635099 seconds.
  path: Assets/Resources/player.prefab
  artifactKey: Guid(b6590a161332e457196ec2cc9c174eb0) Importer(815301076,1909f56bfc062723c751e8b465ee728b)
Start importing Assets/Resources/player.prefab using Guid(b6590a161332e457196ec2cc9c174eb0) Importer(815301076,1909f56bfc062723c751e8b465ee728b)  -> (artifact id: 'b93ad92d42edc01c9663e88c82749f2e') in 0.077937 seconds
Number of updated asset objects reloaded before import = 0
Number of asset objects unloaded after import = 561
========================================================================
Received Prepare
Begin MonoManager ReloadAssembly
Thread 0x16b873000 may have been prematurely finalized
- Loaded All Assemblies, in  0.337 seconds
Refreshing native plugins compatible for Editor in 1.22 ms, found 2 plugins.
Native extension for OSXStandalone target not found
Native extension for WebGL target not found
[Package Manager] Server::EnsureServerProcessIsRunning -- launch failed, reason: Unity was launched with the -noUpm command-line argument
[Package Manager] UpmClient::Send -- Unable to send message (not connected to UPM process).
[Package Manager] Cannot connect to Unity Package Manager local server
Mono: successfully reloaded assembly
- Finished resetting the current domain, in  0.979 seconds
Domain Reload Profiling: 1316ms
	BeginReloadAssembly (107ms)
		ExecutionOrderSort (0ms)
		DisableScriptedObjects (3ms)
		BackupInstance (0ms)
		ReleaseScriptingObjects (0ms)
		CreateAndSetChildDomain (49ms)
	RebuildCommonClasses (21ms)
	RebuildNativeTypeToScriptingClass (8ms)
	initialDomainReloadingComplete (14ms)
	LoadAllAssembliesAndSetupDomain (186ms)
		LoadAssemblies (195ms)
		RebuildTransferFunctionScriptingTraits (0ms)
		AnalyzeDomain (23ms)
			TypeCache.Refresh (11ms)
				TypeCache.ScanAssembly (0ms)
			ScanForSourceGeneratedMonoScriptInfo (0ms)
			ResolveRequiredComponents (10ms)
	FinalizeReload (979ms)
		ReleaseScriptCaches (0ms)
		RebuildScriptCaches (0ms)
		SetupLoadedEditorAssemblies (389ms)
			LogAssemblyErrors (0ms)
			InitializePlatformSupportModulesInManaged (4ms)
			SetLoadedEditorAssemblies (4ms)
			RefreshPlugins (0ms)
			BeforeProcessingInitializeOnLoad (74ms)
			ProcessInitializeOnLoadAttributes (273ms)
			ProcessInitializeOnLoadMethodAttributes (34ms)
			AfterProcessingInitializeOnLoad (1ms)
			EditorAssembliesLoaded (0ms)
		ExecutionOrderSort2 (0ms)
		AwakeInstancesAfterBackupRestoration (2ms)
Refreshing native plugins compatible for Editor in 1.45 ms, found 2 plugins.
Preloading 0 native plugins for Editor in 0.00 ms.
Unloading 5696 Unused Serialized files (Serialized files now loaded: 0)
Unloading 55 unused Assets / (0.8 MB). Loaded Objects now: 6467.
Memory consumption went from 309.7 MB to 309.0 MB.
Total: 3.361583 ms (FindLiveObjects: 0.233167 ms CreateObjectMapping: 0.131375 ms MarkObjects: 2.661500 ms  DeleteObjects: 0.334958 ms)

Prepare: number of updated asset objects reloaded= 0
AssetImportParameters requested are different than current active one (requested -> active):
  custom:container-demuxer-ogg: 62fdf1f143b41e24485cea50d1cbac27 -> 
  custom:video-decoder-ogg-theora: a1e56fd34408186e4bbccfd4996cb3dc -> 
  custom:CustomObjectIndexerAttribute: 62b5816608c3102f162a1797e29626cf -> 
  custom:container-demuxer-webm: 4f35f7cbe854078d1ac9338744f61a02 -> 
  custom:container-muxer-webm: aa71ff27fc2769a1b78a27578f13a17b -> 
  custom:video-decoder-webm-vp8: 9c59270c3fd7afecdb556c50c9e8de78 -> 
  custom:SearchIndexIgnoredProperties: e643bd26f0fe6173181afceb89e7c659 -> 
  custom:AudioImporter_EditorPlatform: 3918e3fc78b5a79bad01e8451be0beb8 -> 
  custom:framework-osx-AVFoundation: e770b220cccbd017edd2c1fefb359320 -> 
  custom:video-encoder-webm-vp8: eb34c28f22e8b96e1ab97ce403110664 -> 
  custom:audio-decoder-ogg-vorbis: bf7c407c2cedff20999df2af8eb42d56 -> 
  custom:audio-encoder-webm-vorbis: bf7c407c2cedff20999df2af8eb42d56 -> 
========================================================================
Received Import Request.
  Time since last request: 252.415228 seconds.
  path: Assets/Scripts/Controllers/ShootController.cs
  artifactKey: Guid(7732a7ae3039b444aaa897a4edf45da8) Importer(815301076,1909f56bfc062723c751e8b465ee728b)
Start importing Assets/Scripts/Controllers/ShootController.cs using Guid(7732a7ae3039b444aaa897a4edf45da8) Importer(815301076,1909f56bfc062723c751e8b465ee728b)  -> (artifact id: '401039256331238020e44e678283315c') in 0.001196 seconds
Number of updated asset objects reloaded before import = 0
Number of asset objects unloaded after import = 0
